  main.cpp
e:\facultate\visualprojects\transpositioncipher\transpositioncipher\main.cpp(24): error C2131: expression did not evaluate to a constant
  e:\facultate\visualprojects\transpositioncipher\transpositioncipher\main.cpp(24): note: failure was caused by call of undefined function or one not declared 'constexpr'
  e:\facultate\visualprojects\transpositioncipher\transpositioncipher\main.cpp(24): note: see usage of 'std::basic_string<char,std::char_traits<char>,std::allocator<char>>::size'
e:\facultate\visualprojects\transpositioncipher\transpositioncipher\main.cpp(25): warning C4018: '<': signed/unsigned mismatch
e:\facultate\visualprojects\transpositioncipher\transpositioncipher\main.cpp(27): error C3863: array type 'bool ['function']' is not assignable
e:\facultate\visualprojects\transpositioncipher\transpositioncipher\main.cpp(31): warning C4018: '<': signed/unsigned mismatch
e:\facultate\visualprojects\transpositioncipher\transpositioncipher\main.cpp(33): warning C4018: '<': signed/unsigned mismatch
e:\facultate\visualprojects\transpositioncipher\transpositioncipher\main.cpp(38): error C3863: array type 'bool ['function']' is not assignable
e:\facultate\visualprojects\transpositioncipher\transpositioncipher\main.cpp(64): warning C4018: '<': signed/unsigned mismatch
e:\facultate\visualprojects\transpositioncipher\transpositioncipher\main.cpp(99): warning C4018: '<': signed/unsigned mismatch
